2023-12-22 14:39:46,255 [INFO] org.studyeasy.SpringBlog.SpringStarterApplication [restartedMain] Starting SpringStarterApplication using Java 17.0.8.1 on DESKTOP-NLC2B6M with PID 1916 (D:\Spring Boost\SpringStarter\SpringBlog\target\classes started by ege in D:\Spring Boost\SpringStarter\SpringBlog)
2023-12-22 14:39:46,263 [DEBUG] org.studyeasy.SpringBlog.SpringStarterApplication [restartedMain] Running with Spring Boot v2.7.5, Spring v5.3.23
2023-12-22 14:39:46,264 [INFO] org.studyeasy.SpringBlog.SpringStarterApplication [restartedMain] No active profile set, falling back to 1 default profile: "default"
2023-12-22 14:39:46,327 [INFO] org.springframework.boot.devtools.env.DevToolsPropertyDefaultsPostProcessor [restartedMain] Devtools property defaults active! Set 'spring.devtools.add-properties' to 'false' to disable
2023-12-22 14:39:46,328 [INFO] org.springframework.boot.devtools.env.DevToolsPropertyDefaultsPostProcessor [restartedMain] For additional web related logging consider setting the 'logging.level.web' property to 'DEBUG'
2023-12-22 14:39:47,157 [INFO] org.springframework.data.repository.config.RepositoryConfigurationDelegate [restartedMain] Bootstrapping Spring Data JPA repositories in DEFAULT mode.
2023-12-22 14:39:47,265 [INFO] org.springframework.data.repository.config.RepositoryConfigurationDelegate [restartedMain] Finished Spring Data repository scanning in 98 ms. Found 3 JPA repository interfaces.
2023-12-22 14:39:47,966 [INFO] org.springframework.boot.web.embedded.tomcat.TomcatWebServer [restartedMain] Tomcat initialized with port(s): 8080 (http)
2023-12-22 14:39:47,977 [INFO] org.apache.catalina.core.StandardService [restartedMain] Starting service [Tomcat]
2023-12-22 14:39:47,978 [INFO] org.apache.catalina.core.StandardEngine [restartedMain] Starting Servlet engine: [Apache Tomcat/9.0.68]
2023-12-22 14:39:48,056 [INFO] org.apache.catalina.core.ContainerBase.[Tomcat].[localhost].[/] [restartedMain] Initializing Spring embedded WebApplicationContext
2023-12-22 14:39:48,056 [INFO] org.springframework.boot.web.servlet.context.ServletWebServerApplicationContext [restartedMain] Root WebApplicationContext: initialization completed in 1728 ms
2023-12-22 14:39:48,106 [INFO] com.zaxxer.hikari.HikariDataSource [restartedMain] HikariPool-1 - Starting...
2023-12-22 14:39:48,341 [INFO] com.zaxxer.hikari.HikariDataSource [restartedMain] HikariPool-1 - Start completed.
2023-12-22 14:39:48,352 [INFO] org.springframework.boot.autoconfigure.h2.H2ConsoleAutoConfiguration [restartedMain] H2 console available at '/db-console'. Database available at 'jdbc:h2:file:./db/blogdb'
2023-12-22 14:39:48,476 [INFO] org.hibernate.jpa.internal.util.LogHelper [restartedMain] HHH000204: Processing PersistenceUnitInfo [name: default]
2023-12-22 14:39:48,539 [INFO] org.hibernate.Version [restartedMain] HHH000412: Hibernate ORM core version 5.6.12.Final
2023-12-22 14:39:48,695 [INFO] org.hibernate.annotations.common.Version [restartedMain] HCANN000001: Hibernate Commons Annotations {5.1.2.Final}
2023-12-22 14:39:48,811 [INFO] org.hibernate.dialect.Dialect [restartedMain] HHH000400: Using dialect: org.hibernate.dialect.H2Dialect
2023-12-22 14:39:49,356 [INFO] org.hibernate.engine.transaction.jta.platform.internal.JtaPlatformInitiator [restartedMain] HHH000490: Using JtaPlatform implementation: [org.hibernate.engine.transaction.jta.platform.internal.NoJtaPlatform]
2023-12-22 14:39:49,362 [INFO] org.springframework.orm.jpa.LocalContainerEntityManagerFactoryBean [restartedMain] Initialized JPA EntityManagerFactory for persistence unit 'default'
2023-12-22 14:39:49,878 [INFO] org.springframework.security.web.DefaultSecurityFilterChain [restartedMain] Will secure any request with [org.springframework.security.web.session.DisableEncodeUrlFilter@72608d29, org.springframework.security.web.context.request.async.WebAsyncManagerIntegrationFilter@726e81fe, org.springframework.security.web.context.SecurityContextPersistenceFilter@2fd609d0, org.springframework.security.web.header.HeaderWriterFilter@592d2594, org.springframework.security.web.authentication.logout.LogoutFilter@1cd5775e, org.springframework.security.web.authentication.UsernamePasswordAuthenticationFilter@e34a7b3, org.springframework.security.web.savedrequest.RequestCacheAwareFilter@1b37df30, org.springframework.security.web.servletapi.SecurityContextHolderAwareRequestFilter@b1cc0a9, org.springframework.security.web.authentication.rememberme.RememberMeAuthenticationFilter@5e8c8c3e, org.springframework.security.web.authentication.AnonymousAuthenticationFilter@48391ef1, org.springframework.security.web.session.SessionManagementFilter@3747ff1e, org.springframework.security.web.access.ExceptionTranslationFilter@501e7f39, org.springframework.security.web.access.intercept.AuthorizationFilter@3d377363]
2023-12-22 14:39:49,930 [WARN] org.springframework.boot.autoconfigure.orm.jpa.JpaBaseConfiguration$JpaWebConfiguration [restartedMain] spring.jpa.open-in-view is enabled by default. Therefore, database queries may be performed during view rendering. Explicitly configure spring.jpa.open-in-view to disable this warning
2023-12-22 14:39:50,253 [INFO] org.springframework.boot.devtools.autoconfigure.OptionalLiveReloadServer [restartedMain] LiveReload server is running on port 35729
2023-12-22 14:39:50,293 [INFO] org.springframework.boot.web.embedded.tomcat.TomcatWebServer [restartedMain] Tomcat started on port(s): 8080 (http) with context path ''
2023-12-22 14:39:50,305 [INFO] org.studyeasy.SpringBlog.SpringStarterApplication [restartedMain] Started SpringStarterApplication in 4.43 seconds (JVM running for 5.273)
2023-12-22 14:39:57,484 [INFO] org.apache.catalina.core.ContainerBase.[Tomcat].[localhost].[/] [http-nio-8080-exec-1] Initializing Spring DispatcherServlet 'dispatcherServlet'
2023-12-22 14:39:57,485 [INFO] org.springframework.web.servlet.DispatcherServlet [http-nio-8080-exec-1] Initializing Servlet 'dispatcherServlet'
2023-12-22 14:39:57,486 [INFO] org.springframework.web.servlet.DispatcherServlet [http-nio-8080-exec-1] Completed initialization in 1 ms
2023-12-22 14:41:03,875 [INFO] org.springframework.boot.devtools.autoconfigure.LocalDevToolsAutoConfiguration$RestartingClassPathChangeChangedEventListener [File Watcher] Restarting due to 1 class path change (0 additions, 0 deletions, 1 modification)
2023-12-22 14:41:03,887 [INFO] org.apache.catalina.core.StandardService [Thread-6] Stopping service [Tomcat]
2023-12-22 14:41:03,889 [INFO] org.apache.catalina.core.ContainerBase.[Tomcat].[localhost].[/] [Thread-6] Destroying Spring FrameworkServlet 'dispatcherServlet'
2023-12-22 14:41:03,908 [INFO] org.springframework.orm.jpa.LocalContainerEntityManagerFactoryBean [Thread-6] Closing JPA EntityManagerFactory for persistence unit 'default'
2023-12-22 14:41:03,909 [INFO] org.hibernate.tool.schema.internal.SchemaDropperImpl$DelayedDropActionImpl [Thread-6] HHH000477: Starting delayed evictData of schema as part of SessionFactory shut-down'
2023-12-22 14:41:03,916 [INFO] com.zaxxer.hikari.HikariDataSource [Thread-6] HikariPool-1 - Shutdown initiated...
2023-12-22 14:41:04,046 [INFO] com.zaxxer.hikari.HikariDataSource [Thread-6] HikariPool-1 - Shutdown completed.
2023-12-22 14:41:04,114 [INFO] org.studyeasy.SpringBlog.SpringStarterApplication [restartedMain] Starting SpringStarterApplication using Java 17.0.8.1 on DESKTOP-NLC2B6M with PID 1916 (D:\Spring Boost\SpringStarter\SpringBlog\target\classes started by ege in D:\Spring Boost\SpringStarter\SpringBlog)
2023-12-22 14:41:04,114 [DEBUG] org.studyeasy.SpringBlog.SpringStarterApplication [restartedMain] Running with Spring Boot v2.7.5, Spring v5.3.23
2023-12-22 14:41:04,114 [INFO] org.studyeasy.SpringBlog.SpringStarterApplication [restartedMain] No active profile set, falling back to 1 default profile: "default"
2023-12-22 14:41:04,264 [INFO] org.springframework.data.repository.config.RepositoryConfigurationDelegate [restartedMain] Bootstrapping Spring Data JPA repositories in DEFAULT mode.
2023-12-22 14:41:04,275 [INFO] org.springframework.data.repository.config.RepositoryConfigurationDelegate [restartedMain] Finished Spring Data repository scanning in 10 ms. Found 3 JPA repository interfaces.
2023-12-22 14:41:04,357 [INFO] org.springframework.boot.web.embedded.tomcat.TomcatWebServer [restartedMain] Tomcat initialized with port(s): 8080 (http)
2023-12-22 14:41:04,357 [INFO] org.apache.catalina.core.StandardService [restartedMain] Starting service [Tomcat]
2023-12-22 14:41:04,358 [INFO] org.apache.catalina.core.StandardEngine [restartedMain] Starting Servlet engine: [Apache Tomcat/9.0.68]
2023-12-22 14:41:04,373 [INFO] org.apache.catalina.core.ContainerBase.[Tomcat].[localhost].[/] [restartedMain] Initializing Spring embedded WebApplicationContext
2023-12-22 14:41:04,373 [INFO] org.springframework.boot.web.servlet.context.ServletWebServerApplicationContext [restartedMain] Root WebApplicationContext: initialization completed in 257 ms
2023-12-22 14:41:04,381 [INFO] com.zaxxer.hikari.HikariDataSource [restartedMain] HikariPool-2 - Starting...
2023-12-22 14:41:04,398 [INFO] com.zaxxer.hikari.HikariDataSource [restartedMain] HikariPool-2 - Start completed.
2023-12-22 14:41:04,399 [INFO] org.springframework.boot.autoconfigure.h2.H2ConsoleAutoConfiguration [restartedMain] H2 console available at '/db-console'. Database available at 'jdbc:h2:file:./db/blogdb'
2023-12-22 14:41:04,456 [INFO] org.hibernate.jpa.internal.util.LogHelper [restartedMain] HHH000204: Processing PersistenceUnitInfo [name: default]
2023-12-22 14:41:04,459 [INFO] org.hibernate.dialect.Dialect [restartedMain] HHH000400: Using dialect: org.hibernate.dialect.H2Dialect
2023-12-22 14:41:04,517 [INFO] org.hibernate.engine.transaction.jta.platform.internal.JtaPlatformInitiator [restartedMain] HHH000490: Using JtaPlatform implementation: [org.hibernate.engine.transaction.jta.platform.internal.NoJtaPlatform]
2023-12-22 14:41:04,518 [INFO] org.springframework.orm.jpa.LocalContainerEntityManagerFactoryBean [restartedMain] Initialized JPA EntityManagerFactory for persistence unit 'default'
2023-12-22 14:41:04,633 [INFO] org.springframework.security.web.DefaultSecurityFilterChain [restartedMain] Will secure any request with [org.springframework.security.web.session.DisableEncodeUrlFilter@17b1ad3b, org.springframework.security.web.context.request.async.WebAsyncManagerIntegrationFilter@7e9192c5, org.springframework.security.web.context.SecurityContextPersistenceFilter@43c7ea9c, org.springframework.security.web.header.HeaderWriterFilter@47d71481, org.springframework.security.web.authentication.logout.LogoutFilter@153405b, org.springframework.security.web.authentication.UsernamePasswordAuthenticationFilter@6fa0ead, org.springframework.security.web.savedrequest.RequestCacheAwareFilter@5172cfe0, org.springframework.security.web.servletapi.SecurityContextHolderAwareRequestFilter@2efeba53, org.springframework.security.web.authentication.rememberme.RememberMeAuthenticationFilter@1d30d7b1, org.springframework.security.web.authentication.AnonymousAuthenticationFilter@284874dc, org.springframework.security.web.session.SessionManagementFilter@7bd5188e, org.springframework.security.web.access.ExceptionTranslationFilter@9f36a9e, org.springframework.security.web.access.intercept.AuthorizationFilter@1dee84ec]
2023-12-22 14:41:04,644 [WARN] org.springframework.boot.autoconfigure.orm.jpa.JpaBaseConfiguration$JpaWebConfiguration [restartedMain] spring.jpa.open-in-view is enabled by default. Therefore, database queries may be performed during view rendering. Explicitly configure spring.jpa.open-in-view to disable this warning
2023-12-22 14:41:04,699 [INFO] org.springframework.boot.devtools.autoconfigure.OptionalLiveReloadServer [restartedMain] LiveReload server is running on port 35729
2023-12-22 14:41:04,705 [INFO] org.springframework.boot.web.embedded.tomcat.TomcatWebServer [restartedMain] Tomcat started on port(s): 8080 (http) with context path ''
2023-12-22 14:41:04,707 [INFO] org.studyeasy.SpringBlog.SpringStarterApplication [restartedMain] Started SpringStarterApplication in 0.62 seconds (JVM running for 79.676)
2023-12-22 14:41:04,993 [INFO] org.springframework.boot.devtools.autoconfigure.ConditionEvaluationDeltaLoggingListener [restartedMain] Condition evaluation unchanged
2023-12-22 14:41:05,494 [INFO] org.apache.catalina.core.ContainerBase.[Tomcat].[localhost].[/] [http-nio-8080-exec-1] Initializing Spring DispatcherServlet 'dispatcherServlet'
2023-12-22 14:41:05,494 [INFO] org.springframework.web.servlet.DispatcherServlet [http-nio-8080-exec-1] Initializing Servlet 'dispatcherServlet'
2023-12-22 14:41:05,495 [INFO] org.springframework.web.servlet.DispatcherServlet [http-nio-8080-exec-1] Completed initialization in 1 ms
2023-12-22 14:53:28,055 [INFO] org.springframework.boot.devtools.autoconfigure.LocalDevToolsAutoConfiguration$RestartingClassPathChangeChangedEventListener [File Watcher] Restarting due to 1 class path change (0 additions, 0 deletions, 1 modification)
2023-12-22 14:53:28,065 [INFO] org.apache.catalina.core.StandardService [Thread-8] Stopping service [Tomcat]
2023-12-22 14:53:28,066 [INFO] org.apache.catalina.core.ContainerBase.[Tomcat].[localhost].[/] [Thread-8] Destroying Spring FrameworkServlet 'dispatcherServlet'
2023-12-22 14:53:28,077 [INFO] org.springframework.orm.jpa.LocalContainerEntityManagerFactoryBean [Thread-8] Closing JPA EntityManagerFactory for persistence unit 'default'
2023-12-22 14:53:28,079 [INFO] org.hibernate.tool.schema.internal.SchemaDropperImpl$DelayedDropActionImpl [Thread-8] HHH000477: Starting delayed evictData of schema as part of SessionFactory shut-down'
2023-12-22 14:53:28,083 [INFO] com.zaxxer.hikari.HikariDataSource [Thread-8] HikariPool-2 - Shutdown initiated...
2023-12-22 14:53:28,186 [INFO] com.zaxxer.hikari.HikariDataSource [Thread-8] HikariPool-2 - Shutdown completed.
2023-12-22 14:53:28,267 [INFO] org.studyeasy.SpringBlog.SpringStarterApplication [restartedMain] Starting SpringStarterApplication using Java 17.0.8.1 on DESKTOP-NLC2B6M with PID 1916 (D:\Spring Boost\SpringStarter\SpringBlog\target\classes started by ege in D:\Spring Boost\SpringStarter\SpringBlog)
2023-12-22 14:53:28,268 [DEBUG] org.studyeasy.SpringBlog.SpringStarterApplication [restartedMain] Running with Spring Boot v2.7.5, Spring v5.3.23
2023-12-22 14:53:28,268 [INFO] org.studyeasy.SpringBlog.SpringStarterApplication [restartedMain] No active profile set, falling back to 1 default profile: "default"
2023-12-22 14:53:28,484 [INFO] org.springframework.data.repository.config.RepositoryConfigurationDelegate [restartedMain] Bootstrapping Spring Data JPA repositories in DEFAULT mode.
2023-12-22 14:53:28,492 [INFO] org.springframework.data.repository.config.RepositoryConfigurationDelegate [restartedMain] Finished Spring Data repository scanning in 7 ms. Found 3 JPA repository interfaces.
2023-12-22 14:53:28,561 [INFO] org.springframework.boot.web.embedded.tomcat.TomcatWebServer [restartedMain] Tomcat initialized with port(s): 8080 (http)
2023-12-22 14:53:28,562 [INFO] org.apache.catalina.core.StandardService [restartedMain] Starting service [Tomcat]
2023-12-22 14:53:28,563 [INFO] org.apache.catalina.core.StandardEngine [restartedMain] Starting Servlet engine: [Apache Tomcat/9.0.68]
2023-12-22 14:53:28,579 [INFO] org.apache.catalina.core.ContainerBase.[Tomcat].[localhost].[/] [restartedMain] Initializing Spring embedded WebApplicationContext
2023-12-22 14:53:28,579 [INFO] org.springframework.boot.web.servlet.context.ServletWebServerApplicationContext [restartedMain] Root WebApplicationContext: initialization completed in 309 ms
2023-12-22 14:53:28,586 [INFO] com.zaxxer.hikari.HikariDataSource [restartedMain] HikariPool-3 - Starting...
2023-12-22 14:53:28,602 [INFO] com.zaxxer.hikari.HikariDataSource [restartedMain] HikariPool-3 - Start completed.
2023-12-22 14:53:28,603 [INFO] org.springframework.boot.autoconfigure.h2.H2ConsoleAutoConfiguration [restartedMain] H2 console available at '/db-console'. Database available at 'jdbc:h2:file:./db/blogdb'
2023-12-22 14:53:28,633 [INFO] org.hibernate.jpa.internal.util.LogHelper [restartedMain] HHH000204: Processing PersistenceUnitInfo [name: default]
2023-12-22 14:53:28,636 [INFO] org.hibernate.dialect.Dialect [restartedMain] HHH000400: Using dialect: org.hibernate.dialect.H2Dialect
2023-12-22 14:53:28,684 [INFO] org.hibernate.engine.transaction.jta.platform.internal.JtaPlatformInitiator [restartedMain] HHH000490: Using JtaPlatform implementation: [org.hibernate.engine.transaction.jta.platform.internal.NoJtaPlatform]
2023-12-22 14:53:28,685 [INFO] org.springframework.orm.jpa.LocalContainerEntityManagerFactoryBean [restartedMain] Initialized JPA EntityManagerFactory for persistence unit 'default'
2023-12-22 14:53:28,781 [INFO] org.springframework.security.web.DefaultSecurityFilterChain [restartedMain] Will secure any request with [org.springframework.security.web.session.DisableEncodeUrlFilter@16cdab1e, org.springframework.security.web.context.request.async.WebAsyncManagerIntegrationFilter@2b360f05, org.springframework.security.web.context.SecurityContextPersistenceFilter@f69687c, org.springframework.security.web.header.HeaderWriterFilter@734ef4a6, org.springframework.security.web.authentication.logout.LogoutFilter@5fd8bab4, org.springframework.security.web.authentication.UsernamePasswordAuthenticationFilter@987b0f7, org.springframework.security.web.savedrequest.RequestCacheAwareFilter@721358ad, org.springframework.security.web.servletapi.SecurityContextHolderAwareRequestFilter@76fc698d, org.springframework.security.web.authentication.rememberme.RememberMeAuthenticationFilter@1310a669, org.springframework.security.web.authentication.AnonymousAuthenticationFilter@1f02129c, org.springframework.security.web.session.SessionManagementFilter@38baa3af, org.springframework.security.web.access.ExceptionTranslationFilter@42b7f61a, org.springframework.security.web.access.intercept.AuthorizationFilter@22c3e0b2]
2023-12-22 14:53:28,789 [WARN] org.springframework.boot.autoconfigure.orm.jpa.JpaBaseConfiguration$JpaWebConfiguration [restartedMain] spring.jpa.open-in-view is enabled by default. Therefore, database queries may be performed during view rendering. Explicitly configure spring.jpa.open-in-view to disable this warning
2023-12-22 14:53:28,844 [INFO] org.springframework.boot.devtools.autoconfigure.OptionalLiveReloadServer [restartedMain] LiveReload server is running on port 35729
2023-12-22 14:53:28,850 [INFO] org.springframework.boot.web.embedded.tomcat.TomcatWebServer [restartedMain] Tomcat started on port(s): 8080 (http) with context path ''
2023-12-22 14:53:28,853 [INFO] org.studyeasy.SpringBlog.SpringStarterApplication [restartedMain] Started SpringStarterApplication in 0.616 seconds (JVM running for 823.821)
2023-12-22 14:53:29,152 [INFO] org.springframework.boot.devtools.autoconfigure.ConditionEvaluationDeltaLoggingListener [restartedMain] Condition evaluation unchanged
